{"level":"info","message":"\u001b[0mGET / \u001b[36m304 \u001b[0m4.231 ms - -\u001b[0m\n","timestamp":"2017-04-01T04:43:44.281Z"}
{"level":"info","message":"\u001b[0mGET /lib/bootstrap-3.3.6.min.css \u001b[36m304 \u001b[0m4.910 ms - -\u001b[0m\n","timestamp":"2017-04-01T04:43:44.310Z"}
{"level":"info","message":"\u001b[0mGET /lib/bootstrap-theme-3.3.6.min.css \u001b[36m304 \u001b[0m0.650 ms - -\u001b[0m\n","timestamp":"2017-04-01T04:43:44.312Z"}
{"level":"info","message":"\u001b[0mGET /styles.css \u001b[36m304 \u001b[0m1.204 ms - -\u001b[0m\n","timestamp":"2017-04-01T04:43:44.314Z"}
{"level":"info","message":"\u001b[0mGET /lib/jquery.min.js \u001b[36m304 \u001b[0m1.046 ms - -\u001b[0m\n","timestamp":"2017-04-01T04:43:44.316Z"}
{"level":"info","message":"\u001b[0mGET /lib/underscore-min-1.8.3.js \u001b[36m304 \u001b[0m0.838 ms - -\u001b[0m\n","timestamp":"2017-04-01T04:43:44.318Z"}
{"level":"info","message":"\u001b[0mGET /lib/jquery-2.2.4.min.js \u001b[36m304 \u001b[0m0.322 ms - -\u001b[0m\n","timestamp":"2017-04-01T04:43:44.320Z"}
{"level":"info","message":"\u001b[0mGET /lib/bootstrap-3.3.6.min.js \u001b[36m304 \u001b[0m0.227 ms - -\u001b[0m\n","timestamp":"2017-04-01T04:43:44.321Z"}
{"level":"info","message":"\u001b[0mGET /lib/angular.min.js \u001b[36m304 \u001b[0m0.976 ms - -\u001b[0m\n","timestamp":"2017-04-01T04:43:44.323Z"}
{"level":"info","message":"\u001b[0mGET /lib/angscript.js \u001b[36m304 \u001b[0m0.341 ms - -\u001b[0m\n","timestamp":"2017-04-01T04:43:44.324Z"}
{"level":"info","message":"\u001b[0mGET /fonts/glyphicons-halflings-regular.woff2 \u001b[36m304 \u001b[0m0.285 ms - -\u001b[0m\n","timestamp":"2017-04-01T04:43:44.791Z"}
{"level":"info","message":"\u001b[0mGET /api/v1/students/students.json \u001b[36m304 \u001b[0m1.868 ms - -\u001b[0m\n","timestamp":"2017-04-01T04:43:44.885Z"}
{"level":"info","message":"\u001b[0mGET /api/v1/students/0004.json \u001b[36m304 \u001b[0m9.838 ms - -\u001b[0m\n","timestamp":"2017-04-01T04:43:44.964Z"}
{"level":"info","message":"\u001b[0mGET /api/v1/students/0007.json \u001b[36m304 \u001b[0m5.547 ms - -\u001b[0m\n","timestamp":"2017-04-01T04:43:44.966Z"}
{"level":"info","message":"\u001b[0mGET /api/v1/students/0009.json \u001b[36m304 \u001b[0m5.510 ms - -\u001b[0m\n","timestamp":"2017-04-01T04:43:44.967Z"}
{"level":"info","message":"\u001b[0mGET /api/v1/students/0014.json \u001b[36m304 \u001b[0m3.053 ms - -\u001b[0m\n","timestamp":"2017-04-01T04:43:44.968Z"}
{"level":"info","message":"\u001b[0mGET /api/v1/students/0015.json \u001b[36m304 \u001b[0m2.210 ms - -\u001b[0m\n","timestamp":"2017-04-01T04:43:44.970Z"}
{"level":"info","message":"\u001b[0mGET /api/v1/students/0016.json \u001b[36m304 \u001b[0m1.973 ms - -\u001b[0m\n","timestamp":"2017-04-01T04:43:44.972Z"}
{"level":"info","message":"\u001b[0mGET /api/v1/students/0018.json \u001b[36m304 \u001b[0m0.464 ms - -\u001b[0m\n","timestamp":"2017-04-01T04:43:44.973Z"}
{"level":"info","message":"\u001b[0mGET /api/v1/students/0019.json \u001b[36m304 \u001b[0m0.610 ms - -\u001b[0m\n","timestamp":"2017-04-01T04:43:44.974Z"}
{"level":"info","message":"\u001b[0mGET /api/v1/students/0020.json \u001b[36m304 \u001b[0m0.317 ms - -\u001b[0m\n","timestamp":"2017-04-01T04:43:44.975Z"}
{"level":"info","message":"\u001b[0mGET /api/v1/students/0022.json \u001b[36m304 \u001b[0m0.376 ms - -\u001b[0m\n","timestamp":"2017-04-01T04:43:44.977Z"}
{"level":"info","message":"\u001b[0mGET /api/v1/students/0023.json \u001b[36m304 \u001b[0m1.497 ms - -\u001b[0m\n","timestamp":"2017-04-01T04:43:44.979Z"}
{"level":"info","message":"\u001b[0mGET /api/v1/students/0025.json \u001b[36m304 \u001b[0m1.396 ms - -\u001b[0m\n","timestamp":"2017-04-01T04:43:44.980Z"}
{"level":"info","message":"\u001b[0mGET /api/v1/students/0026.json \u001b[36m304 \u001b[0m0.590 ms - -\u001b[0m\n","timestamp":"2017-04-01T04:43:44.981Z"}
{"level":"info","message":"\u001b[0mGET /api/v1/students/0027.json \u001b[36m304 \u001b[0m0.875 ms - -\u001b[0m\n","timestamp":"2017-04-01T04:43:44.983Z"}
{"level":"info","message":"\u001b[0mGET /api/v1/students/0029.json \u001b[36m304 \u001b[0m0.922 ms - -\u001b[0m\n","timestamp":"2017-04-01T04:43:44.984Z"}
{"level":"info","message":"\u001b[0mGET /api/v1/students/0030.json \u001b[36m304 \u001b[0m0.758 ms - -\u001b[0m\n","timestamp":"2017-04-01T04:43:44.984Z"}
{"level":"info","message":"\u001b[0mGET /img/favicon.ico \u001b[32m200 \u001b[0m3.956 ms - -\u001b[0m\n","timestamp":"2017-04-01T04:43:45.095Z"}
{"level":"info","message":"\u001b[0mGET / \u001b[36m304 \u001b[0m4.089 ms - -\u001b[0m\n","timestamp":"2017-04-01T05:20:19.723Z"}
{"level":"info","message":"\u001b[0mGET /lib/bootstrap-3.3.6.min.css \u001b[36m304 \u001b[0m12.480 ms - -\u001b[0m\n","timestamp":"2017-04-01T05:20:19.747Z"}
{"level":"info","message":"\u001b[0mGET /lib/bootstrap-theme-3.3.6.min.css \u001b[36m304 \u001b[0m0.943 ms - -\u001b[0m\n","timestamp":"2017-04-01T05:20:19.749Z"}
{"level":"info","message":"\u001b[0mGET /styles.css \u001b[36m304 \u001b[0m0.946 ms - -\u001b[0m\n","timestamp":"2017-04-01T05:20:19.751Z"}
{"level":"info","message":"\u001b[0mGET /lib/jquery.min.js \u001b[36m304 \u001b[0m0.889 ms - -\u001b[0m\n","timestamp":"2017-04-01T05:20:19.753Z"}
{"level":"info","message":"\u001b[0mGET /lib/underscore-min-1.8.3.js \u001b[36m304 \u001b[0m0.508 ms - -\u001b[0m\n","timestamp":"2017-04-01T05:20:19.754Z"}
{"level":"info","message":"\u001b[0mGET /lib/jquery-2.2.4.min.js \u001b[36m304 \u001b[0m2.238 ms - -\u001b[0m\n","timestamp":"2017-04-01T05:20:19.758Z"}
{"level":"info","message":"\u001b[0mGET /lib/bootstrap-3.3.6.min.js \u001b[36m304 \u001b[0m0.661 ms - -\u001b[0m\n","timestamp":"2017-04-01T05:20:19.759Z"}
{"level":"info","message":"\u001b[0mGET /lib/angular.min.js \u001b[36m304 \u001b[0m0.528 ms - -\u001b[0m\n","timestamp":"2017-04-01T05:20:19.760Z"}
{"level":"info","message":"\u001b[0mGET /lib/angscript.js \u001b[36m304 \u001b[0m1.404 ms - -\u001b[0m\n","timestamp":"2017-04-01T05:20:19.762Z"}
{"level":"info","message":"\u001b[0mGET /fonts/glyphicons-halflings-regular.woff2 \u001b[36m304 \u001b[0m0.298 ms - -\u001b[0m\n","timestamp":"2017-04-01T05:20:20.178Z"}
{"level":"info","message":"\u001b[0mGET /api/v1/students/students.json \u001b[36m304 \u001b[0m1.551 ms - -\u001b[0m\n","timestamp":"2017-04-01T05:20:20.261Z"}
{"level":"info","message":"\u001b[0mGET /api/v1/students/0004.json \u001b[36m304 \u001b[0m4.683 ms - -\u001b[0m\n","timestamp":"2017-04-01T05:20:20.339Z"}
{"level":"info","message":"\u001b[0mGET /api/v1/students/0007.json \u001b[36m304 \u001b[0m4.301 ms - -\u001b[0m\n","timestamp":"2017-04-01T05:20:20.340Z"}
{"level":"info","message":"\u001b[0mGET /api/v1/students/0009.json \u001b[36m304 \u001b[0m2.827 ms - -\u001b[0m\n","timestamp":"2017-04-01T05:20:20.340Z"}
{"level":"info","message":"\u001b[0mGET /api/v1/students/0014.json \u001b[36m304 \u001b[0m3.851 ms - -\u001b[0m\n","timestamp":"2017-04-01T05:20:20.342Z"}
{"level":"info","message":"\u001b[0mGET /api/v1/students/0015.json \u001b[36m304 \u001b[0m4.084 ms - -\u001b[0m\n","timestamp":"2017-04-01T05:20:20.342Z"}
{"level":"info","message":"\u001b[0mGET /api/v1/students/0016.json \u001b[36m304 \u001b[0m5.332 ms - -\u001b[0m\n","timestamp":"2017-04-01T05:20:20.344Z"}
{"level":"info","message":"\u001b[0mGET /api/v1/students/0018.json \u001b[36m304 \u001b[0m5.143 ms - -\u001b[0m\n","timestamp":"2017-04-01T05:20:20.346Z"}
{"level":"info","message":"\u001b[0mGET /api/v1/students/0019.json \u001b[36m304 \u001b[0m4.263 ms - -\u001b[0m\n","timestamp":"2017-04-01T05:20:20.347Z"}
{"level":"info","message":"\u001b[0mGET /api/v1/students/0020.json \u001b[36m304 \u001b[0m4.325 ms - -\u001b[0m\n","timestamp":"2017-04-01T05:20:20.348Z"}
{"level":"info","message":"\u001b[0mGET /api/v1/students/0022.json \u001b[36m304 \u001b[0m4.222 ms - -\u001b[0m\n","timestamp":"2017-04-01T05:20:20.348Z"}
{"level":"info","message":"\u001b[0mGET /api/v1/students/0023.json \u001b[36m304 \u001b[0m4.545 ms - -\u001b[0m\n","timestamp":"2017-04-01T05:20:20.349Z"}
{"level":"info","message":"\u001b[0mGET /api/v1/students/0025.json \u001b[36m304 \u001b[0m4.140 ms - -\u001b[0m\n","timestamp":"2017-04-01T05:20:20.350Z"}
{"level":"info","message":"\u001b[0mGET /api/v1/students/0026.json \u001b[36m304 \u001b[0m4.112 ms - -\u001b[0m\n","timestamp":"2017-04-01T05:20:20.351Z"}
{"level":"info","message":"\u001b[0mGET /api/v1/students/0027.json \u001b[36m304 \u001b[0m2.730 ms - -\u001b[0m\n","timestamp":"2017-04-01T05:20:20.351Z"}
{"level":"info","message":"\u001b[0mGET /api/v1/students/0029.json \u001b[36m304 \u001b[0m1.334 ms - -\u001b[0m\n","timestamp":"2017-04-01T05:20:20.353Z"}
{"level":"info","message":"\u001b[0mGET /api/v1/students/0030.json \u001b[36m304 \u001b[0m0.481 ms - -\u001b[0m\n","timestamp":"2017-04-01T05:20:20.354Z"}
{"level":"info","message":"\u001b[0mGET /img/favicon.ico \u001b[32m200 \u001b[0m4.040 ms - -\u001b[0m\n","timestamp":"2017-04-01T05:20:20.446Z"}
{"level":"info","message":"\u001b[0mGET / \u001b[36m304 \u001b[0m3.577 ms - -\u001b[0m\n","timestamp":"2017-04-01T05:20:24.818Z"}
{"level":"info","message":"\u001b[0mGET /lib/bootstrap-3.3.6.min.css \u001b[36m304 \u001b[0m7.424 ms - -\u001b[0m\n","timestamp":"2017-04-01T05:20:24.845Z"}
{"level":"info","message":"\u001b[0mGET /lib/bootstrap-theme-3.3.6.min.css \u001b[36m304 \u001b[0m7.557 ms - -\u001b[0m\n","timestamp":"2017-04-01T05:20:24.845Z"}
{"level":"info","message":"\u001b[0mGET /styles.css \u001b[36m304 \u001b[0m8.868 ms - -\u001b[0m\n","timestamp":"2017-04-01T05:20:24.858Z"}
{"level":"info","message":"\u001b[0mGET /lib/jquery.min.js \u001b[36m304 \u001b[0m8.523 ms - -\u001b[0m\n","timestamp":"2017-04-01T05:20:24.859Z"}
{"level":"info","message":"\u001b[0mGET /lib/underscore-min-1.8.3.js \u001b[36m304 \u001b[0m8.963 ms - -\u001b[0m\n","timestamp":"2017-04-01T05:20:24.859Z"}
{"level":"info","message":"\u001b[0mGET /lib/jquery-2.2.4.min.js \u001b[36m304 \u001b[0m8.705 ms - -\u001b[0m\n","timestamp":"2017-04-01T05:20:24.860Z"}
{"level":"info","message":"\u001b[0mGET /lib/bootstrap-3.3.6.min.js \u001b[36m304 \u001b[0m8.281 ms - -\u001b[0m\n","timestamp":"2017-04-01T05:20:24.860Z"}
{"level":"info","message":"\u001b[0mGET /lib/angular.min.js \u001b[36m304 \u001b[0m2.852 ms - -\u001b[0m\n","timestamp":"2017-04-01T05:20:24.860Z"}
{"level":"info","message":"\u001b[0mGET /lib/angscript.js \u001b[36m304 \u001b[0m0.469 ms - -\u001b[0m\n","timestamp":"2017-04-01T05:20:24.861Z"}
{"level":"info","message":"\u001b[0mGET /fonts/glyphicons-halflings-regular.woff2 \u001b[36m304 \u001b[0m0.609 ms - -\u001b[0m\n","timestamp":"2017-04-01T05:20:24.993Z"}
{"level":"info","message":"\u001b[0mGET /api/v1/students/students.json \u001b[36m304 \u001b[0m0.548 ms - -\u001b[0m\n","timestamp":"2017-04-01T05:20:25.050Z"}
{"level":"info","message":"\u001b[0mGET /api/v1/students/0004.json \u001b[36m304 \u001b[0m5.509 ms - -\u001b[0m\n","timestamp":"2017-04-01T05:20:25.112Z"}
{"level":"info","message":"\u001b[0mGET /api/v1/students/0007.json \u001b[36m304 \u001b[0m2.242 ms - -\u001b[0m\n","timestamp":"2017-04-01T05:20:25.113Z"}
{"level":"info","message":"\u001b[0mGET /api/v1/students/0009.json \u001b[36m304 \u001b[0m1.411 ms - -\u001b[0m\n","timestamp":"2017-04-01T05:20:25.114Z"}
{"level":"info","message":"\u001b[0mGET /api/v1/students/0014.json \u001b[36m304 \u001b[0m0.927 ms - -\u001b[0m\n","timestamp":"2017-04-01T05:20:25.116Z"}
{"level":"info","message":"\u001b[0mGET /api/v1/students/0015.json \u001b[36m304 \u001b[0m1.980 ms - -\u001b[0m\n","timestamp":"2017-04-01T05:20:25.119Z"}
{"level":"info","message":"\u001b[0mGET /api/v1/students/0016.json \u001b[36m304 \u001b[0m2.239 ms - -\u001b[0m\n","timestamp":"2017-04-01T05:20:25.120Z"}
{"level":"info","message":"\u001b[0mGET /api/v1/students/0018.json \u001b[36m304 \u001b[0m2.553 ms - -\u001b[0m\n","timestamp":"2017-04-01T05:20:25.121Z"}
{"level":"info","message":"\u001b[0mGET /api/v1/students/0019.json \u001b[36m304 \u001b[0m0.866 ms - -\u001b[0m\n","timestamp":"2017-04-01T05:20:25.121Z"}
{"level":"info","message":"\u001b[0mGET /api/v1/students/0020.json \u001b[36m304 \u001b[0m1.230 ms - -\u001b[0m\n","timestamp":"2017-04-01T05:20:25.122Z"}
{"level":"info","message":"\u001b[0mGET /api/v1/students/0022.json \u001b[36m304 \u001b[0m0.849 ms - -\u001b[0m\n","timestamp":"2017-04-01T05:20:25.122Z"}
{"level":"info","message":"\u001b[0mGET /api/v1/students/0023.json \u001b[36m304 \u001b[0m3.169 ms - -\u001b[0m\n","timestamp":"2017-04-01T05:20:25.128Z"}
{"level":"info","message":"\u001b[0mGET /api/v1/students/0025.json \u001b[36m304 \u001b[0m0.957 ms - -\u001b[0m\n","timestamp":"2017-04-01T05:20:25.128Z"}
{"level":"info","message":"\u001b[0mGET /api/v1/students/0026.json \u001b[36m304 \u001b[0m1.422 ms - -\u001b[0m\n","timestamp":"2017-04-01T05:20:25.129Z"}
{"level":"info","message":"\u001b[0mGET /api/v1/students/0027.json \u001b[36m304 \u001b[0m0.467 ms - -\u001b[0m\n","timestamp":"2017-04-01T05:20:25.130Z"}
{"level":"info","message":"\u001b[0mGET /api/v1/students/0029.json \u001b[36m304 \u001b[0m0.805 ms - -\u001b[0m\n","timestamp":"2017-04-01T05:20:25.132Z"}
{"level":"info","message":"\u001b[0mGET /api/v1/students/0030.json \u001b[36m304 \u001b[0m0.789 ms - -\u001b[0m\n","timestamp":"2017-04-01T05:20:25.132Z"}
{"level":"info","message":"\u001b[0mGET /img/favicon.ico \u001b[32m200 \u001b[0m1.338 ms - -\u001b[0m\n","timestamp":"2017-04-01T05:20:25.217Z"}
{"level":"info","message":"\u001b[0mGET /api/v1/students/students.json \u001b[36m304 \u001b[0m0.326 ms - -\u001b[0m\n","timestamp":"2017-04-01T05:20:52.137Z"}
{"level":"info","message":"\u001b[0mGET /favicon.ico \u001b[33m404 \u001b[0m4.717 ms - 70\u001b[0m\n","timestamp":"2017-04-01T05:20:52.693Z"}
{"level":"info","message":"\u001b[0mGET /api/v1/students/students.json \u001b[36m304 \u001b[0m7.436 ms - -\u001b[0m\n","timestamp":"2017-04-01T05:21:07.803Z"}
{"level":"info","message":"\u001b[0mGET /api/v1/students/students.json \u001b[36m304 \u001b[0m3.353 ms - -\u001b[0m\n","timestamp":"2017-04-01T05:21:10.734Z"}
{"level":"info","message":"\u001b[0mGET /api/v1/students/students.json \u001b[36m304 \u001b[0m63294.932 ms - -\u001b[0m\n","timestamp":"2017-04-01T05:22:28.740Z"}
{"level":"info","message":"\u001b[0mGET /api/v1/students/students.json \u001b[33m404 \u001b[0m10.555 ms - 70\u001b[0m\n","timestamp":"2017-04-01T05:26:13.294Z"}
{"level":"info","message":"\u001b[0mGET /api/v2/students/students.json \u001b[32m200 \u001b[0m19068.395 ms - 113\u001b[0m\n","timestamp":"2017-04-01T05:26:39.188Z"}
{"level":"info","message":"\u001b[0mGET /api/v2/students/students.json \u001b[33m404 \u001b[0m15.618 ms - 70\u001b[0m\n","timestamp":"2017-04-01T05:27:23.212Z"}
{"level":"info","message":"\u001b[0mGET / \u001b[36m304 \u001b[0m2.942 ms - -\u001b[0m\n","timestamp":"2017-04-01T05:27:26.737Z"}
{"level":"info","message":"\u001b[0mGET /lib/bootstrap-3.3.6.min.css \u001b[36m304 \u001b[0m7.958 ms - -\u001b[0m\n","timestamp":"2017-04-01T05:27:26.763Z"}
{"level":"info","message":"\u001b[0mGET /lib/bootstrap-theme-3.3.6.min.css \u001b[36m304 \u001b[0m8.263 ms - -\u001b[0m\n","timestamp":"2017-04-01T05:27:26.764Z"}
{"level":"info","message":"\u001b[0mGET /lib/jquery.min.js \u001b[36m304 \u001b[0m3.455 ms - -\u001b[0m\n","timestamp":"2017-04-01T05:27:26.769Z"}
{"level":"info","message":"\u001b[0mGET /styles.css \u001b[36m304 \u001b[0m4.975 ms - -\u001b[0m\n","timestamp":"2017-04-01T05:27:26.769Z"}
{"level":"info","message":"\u001b[0mGET /lib/underscore-min-1.8.3.js \u001b[36m304 \u001b[0m0.772 ms - -\u001b[0m\n","timestamp":"2017-04-01T05:27:26.771Z"}
{"level":"info","message":"\u001b[0mGET /lib/jquery-2.2.4.min.js \u001b[36m304 \u001b[0m0.853 ms - -\u001b[0m\n","timestamp":"2017-04-01T05:27:26.771Z"}
{"level":"info","message":"\u001b[0mGET /lib/bootstrap-3.3.6.min.js \u001b[36m304 \u001b[0m1.195 ms - -\u001b[0m\n","timestamp":"2017-04-01T05:27:26.773Z"}
{"level":"info","message":"\u001b[0mGET /lib/angular.min.js \u001b[36m304 \u001b[0m1.261 ms - -\u001b[0m\n","timestamp":"2017-04-01T05:27:26.774Z"}
{"level":"info","message":"\u001b[0mGET /lib/angscript.js \u001b[36m304 \u001b[0m2.074 ms - -\u001b[0m\n","timestamp":"2017-04-01T05:27:26.777Z"}
{"level":"info","message":"\u001b[0mGET /fonts/glyphicons-halflings-regular.woff2 \u001b[36m304 \u001b[0m0.396 ms - -\u001b[0m\n","timestamp":"2017-04-01T05:27:26.900Z"}
{"level":"info","message":"\u001b[0mGET /api/v1/students/students.json \u001b[32m200 \u001b[0m1.845 ms - 113\u001b[0m\n","timestamp":"2017-04-01T05:27:26.947Z"}
{"level":"info","message":"\u001b[0mGET /api/v1/students/0004.json \u001b[36m304 \u001b[0m4.718 ms - -\u001b[0m\n","timestamp":"2017-04-01T05:27:26.981Z"}
{"level":"info","message":"\u001b[0mGET /api/v1/students/0009.json \u001b[36m304 \u001b[0m0.506 ms - -\u001b[0m\n","timestamp":"2017-04-01T05:27:26.982Z"}
{"level":"info","message":"\u001b[0mGET /api/v1/students/0007.json \u001b[36m304 \u001b[0m1.355 ms - -\u001b[0m\n","timestamp":"2017-04-01T05:27:26.983Z"}
{"level":"info","message":"\u001b[0mGET /api/v1/students/0014.json \u001b[36m304 \u001b[0m1.421 ms - -\u001b[0m\n","timestamp":"2017-04-01T05:27:26.985Z"}
{"level":"info","message":"\u001b[0mGET /api/v1/students/0015.json \u001b[36m304 \u001b[0m2.315 ms - -\u001b[0m\n","timestamp":"2017-04-01T05:27:26.987Z"}
{"level":"info","message":"\u001b[0mGET /api/v1/students/0016.json \u001b[36m304 \u001b[0m1.470 ms - -\u001b[0m\n","timestamp":"2017-04-01T05:27:26.987Z"}
{"level":"info","message":"\u001b[0mGET /api/v1/students/0018.json \u001b[36m304 \u001b[0m0.375 ms - -\u001b[0m\n","timestamp":"2017-04-01T05:27:26.988Z"}
{"level":"info","message":"\u001b[0mGET /api/v1/students/0019.json \u001b[36m304 \u001b[0m0.358 ms - -\u001b[0m\n","timestamp":"2017-04-01T05:27:26.989Z"}
{"level":"info","message":"\u001b[0mGET /api/v1/students/0020.json \u001b[36m304 \u001b[0m0.497 ms - -\u001b[0m\n","timestamp":"2017-04-01T05:27:26.991Z"}
{"level":"info","message":"\u001b[0mGET /api/v1/students/0022.json \u001b[36m304 \u001b[0m0.855 ms - -\u001b[0m\n","timestamp":"2017-04-01T05:27:26.992Z"}
{"level":"info","message":"\u001b[0mGET /api/v1/students/0023.json \u001b[36m304 \u001b[0m0.992 ms - -\u001b[0m\n","timestamp":"2017-04-01T05:27:26.993Z"}
{"level":"info","message":"\u001b[0mGET /api/v1/students/0025.json \u001b[36m304 \u001b[0m0.365 ms - -\u001b[0m\n","timestamp":"2017-04-01T05:27:26.993Z"}
{"level":"info","message":"\u001b[0mGET /api/v1/students/0026.json \u001b[36m304 \u001b[0m0.358 ms - -\u001b[0m\n","timestamp":"2017-04-01T05:27:26.994Z"}
{"level":"info","message":"\u001b[0mGET /api/v1/students/0027.json \u001b[36m304 \u001b[0m0.811 ms - -\u001b[0m\n","timestamp":"2017-04-01T05:27:26.996Z"}
{"level":"info","message":"\u001b[0mGET /api/v1/students/0029.json \u001b[36m304 \u001b[0m1.482 ms - -\u001b[0m\n","timestamp":"2017-04-01T05:27:26.997Z"}
{"level":"info","message":"\u001b[0mGET /api/v1/students/0030.json \u001b[36m304 \u001b[0m2.353 ms - -\u001b[0m\n","timestamp":"2017-04-01T05:27:26.999Z"}
{"level":"info","message":"\u001b[0mGET /img/favicon.ico \u001b[32m200 \u001b[0m2.561 ms - -\u001b[0m\n","timestamp":"2017-04-01T05:27:27.045Z"}
{"date":"Fri Mar 31 2017 23:34:33 GMT-0600 (Mountain Daylight Time)","process":{"pid":8340,"uid":null,"gid":null,"cwd":"F:\\User\\OneDrive\\UVU\\Spring 2017\\CS 4690\\CS3660-students-v1\\students\\web","execPath":"C:\\Program Files\\nodejs\\node.exe","version":"v6.10.0","argv":["C:\\Program Files\\nodejs\\node.exe","F:\\User\\OneDrive\\UVU\\Spring 2017\\CS 4690\\CS3660-students-v1\\students\\server\\server.js"],"memoryUsage":{"rss":44195840,"heapTotal":24154112,"heapUsed":14994248,"external":188749}},"os":{"loadavg":[0,0,0],"uptime":955763.4041341},"trace":[{"column":11,"file":"_http_outgoing.js","function":"ServerResponse.OutgoingMessage.setHeader","line":356,"method":"OutgoingMessage.setHeader","native":false},{"column":10,"file":"4690\\CS3660-students-v1\\node_modules\\express\\lib\\response.js","function":"ServerResponse.header (F:\\User\\OneDrive\\UVU\\Spring 2017\\CS","line":725,"method":"header (F:\\User\\OneDrive\\UVU\\Spring 2017\\CS","native":false},{"column":11,"file":"4690\\CS3660-students-v1\\students\\server\\server.js","function":"ReadFileContext.callback (F:\\User\\OneDrive\\UVU\\Spring 2017\\CS","line":123,"method":"callback (F:\\User\\OneDrive\\UVU\\Spring 2017\\CS","native":false},{"column":13,"file":"fs.js","function":"FSReqWrap.readFileAfterOpen [as oncomplete]","line":365,"method":"readFileAfterOpen [as oncomplete]","native":false}],"stack":["Error: Can't set headers after they are sent.","    at ServerResponse.OutgoingMessage.setHeader (_http_outgoing.js:356:11)","    at ServerResponse.header (F:\\User\\OneDrive\\UVU\\Spring 2017\\CS 4690\\CS3660-students-v1\\node_modules\\express\\lib\\response.js:725:10)","    at ReadFileContext.callback (F:\\User\\OneDrive\\UVU\\Spring 2017\\CS 4690\\CS3660-students-v1\\students\\server\\server.js:123:11)","    at FSReqWrap.readFileAfterOpen [as oncomplete] (fs.js:365:13)"],"level":"error","message":"uncaughtException: Can't set headers after they are sent.","timestamp":"2017-04-01T05:34:33.792Z"}
{"level":"info","message":"\u001b[0mGET /api/v1/students/15.json \u001b[33m404 \u001b[0m7.649 ms - 9\u001b[0m\n","timestamp":"2017-04-01T05:34:33.797Z"}
{"date":"Fri Mar 31 2017 23:37:18 GMT-0600 (Mountain Daylight Time)","process":{"pid":2720,"uid":null,"gid":null,"cwd":"F:\\User\\OneDrive\\UVU\\Spring 2017\\CS 4690\\CS3660-students-v1\\students\\web","execPath":"C:\\Program Files\\nodejs\\node.exe","version":"v6.10.0","argv":["C:\\Program Files\\nodejs\\node.exe","F:\\User\\OneDrive\\UVU\\Spring 2017\\CS 4690\\CS3660-students-v1\\students\\server\\server.js"],"memoryUsage":{"rss":43872256,"heapTotal":23105536,"heapUsed":14965600,"external":188749}},"os":{"loadavg":[0,0,0],"uptime":955927.8340225},"trace":[{"column":11,"file":"_http_outgoing.js","function":"ServerResponse.OutgoingMessage.setHeader","line":356,"method":"OutgoingMessage.setHeader","native":false},{"column":10,"file":"4690\\CS3660-students-v1\\node_modules\\express\\lib\\response.js","function":"ServerResponse.header (F:\\User\\OneDrive\\UVU\\Spring 2017\\CS","line":725,"method":"header (F:\\User\\OneDrive\\UVU\\Spring 2017\\CS","native":false},{"column":11,"file":"4690\\CS3660-students-v1\\students\\server\\server.js","function":"ReadFileContext.callback (F:\\User\\OneDrive\\UVU\\Spring 2017\\CS","line":123,"method":"callback (F:\\User\\OneDrive\\UVU\\Spring 2017\\CS","native":false},{"column":13,"file":"fs.js","function":"FSReqWrap.readFileAfterOpen [as oncomplete]","line":365,"method":"readFileAfterOpen [as oncomplete]","native":false}],"stack":["Error: Can't set headers after they are sent.","    at ServerResponse.OutgoingMessage.setHeader (_http_outgoing.js:356:11)","    at ServerResponse.header (F:\\User\\OneDrive\\UVU\\Spring 2017\\CS 4690\\CS3660-students-v1\\node_modules\\express\\lib\\response.js:725:10)","    at ReadFileContext.callback (F:\\User\\OneDrive\\UVU\\Spring 2017\\CS 4690\\CS3660-students-v1\\students\\server\\server.js:123:11)","    at FSReqWrap.readFileAfterOpen [as oncomplete] (fs.js:365:13)"],"level":"error","message":"uncaughtException: Can't set headers after they are sent.","timestamp":"2017-04-01T05:37:18.209Z"}
{"level":"info","message":"\u001b[0mGET /api/v1/students/15.json \u001b[33m404 \u001b[0m4.405 ms - 9\u001b[0m\n","timestamp":"2017-04-01T05:37:18.214Z"}
{"date":"Fri Mar 31 2017 23:37:23 GMT-0600 (Mountain Daylight Time)","process":{"pid":2720,"uid":null,"gid":null,"cwd":"F:\\User\\OneDrive\\UVU\\Spring 2017\\CS 4690\\CS3660-students-v1\\students\\web","execPath":"C:\\Program Files\\nodejs\\node.exe","version":"v6.10.0","argv":["C:\\Program Files\\nodejs\\node.exe","F:\\User\\OneDrive\\UVU\\Spring 2017\\CS 4690\\CS3660-students-v1\\students\\server\\server.js"],"memoryUsage":{"rss":38076416,"heapTotal":17862656,"heapUsed":11809528,"external":16444}},"os":{"loadavg":[0,0,0],"uptime":955933.0760544},"trace":[{"column":11,"file":"_http_outgoing.js","function":"ServerResponse.OutgoingMessage.setHeader","line":356,"method":"OutgoingMessage.setHeader","native":false},{"column":10,"file":"4690\\CS3660-students-v1\\node_modules\\express\\lib\\response.js","function":"ServerResponse.header (F:\\User\\OneDrive\\UVU\\Spring 2017\\CS","line":725,"method":"header (F:\\User\\OneDrive\\UVU\\Spring 2017\\CS","native":false},{"column":11,"file":"4690\\CS3660-students-v1\\students\\server\\server.js","function":"ReadFileContext.callback (F:\\User\\OneDrive\\UVU\\Spring 2017\\CS","line":123,"method":"callback (F:\\User\\OneDrive\\UVU\\Spring 2017\\CS","native":false},{"column":13,"file":"fs.js","function":"FSReqWrap.readFileAfterOpen [as oncomplete]","line":365,"method":"readFileAfterOpen [as oncomplete]","native":false}],"stack":["Error: Can't set headers after they are sent.","    at ServerResponse.OutgoingMessage.setHeader (_http_outgoing.js:356:11)","    at ServerResponse.header (F:\\User\\OneDrive\\UVU\\Spring 2017\\CS 4690\\CS3660-students-v1\\node_modules\\express\\lib\\response.js:725:10)","    at ReadFileContext.callback (F:\\User\\OneDrive\\UVU\\Spring 2017\\CS 4690\\CS3660-students-v1\\students\\server\\server.js:123:11)","    at FSReqWrap.readFileAfterOpen [as oncomplete] (fs.js:365:13)"],"level":"error","message":"uncaughtException: Can't set headers after they are sent.","timestamp":"2017-04-01T05:37:23.448Z"}
{"level":"info","message":"\u001b[0mGET /api/v1/students/15.json \u001b[33m404 \u001b[0m4.212 ms - 9\u001b[0m\n","timestamp":"2017-04-01T05:37:23.449Z"}
{"date":"Fri Mar 31 2017 23:44:03 GMT-0600 (Mountain Daylight Time)","process":{"pid":6040,"uid":null,"gid":null,"cwd":"F:\\User\\OneDrive\\UVU\\Spring 2017\\CS 4690\\CS3660-students-v1\\students\\web","execPath":"C:\\Program Files\\nodejs\\node.exe","version":"v6.10.0","argv":["C:\\Program Files\\nodejs\\node.exe","F:\\User\\OneDrive\\UVU\\Spring 2017\\CS 4690\\CS3660-students-v1\\students\\server\\server.js"],"memoryUsage":{"rss":41738240,"heapTotal":21008384,"heapUsed":13419152,"external":152572}},"os":{"loadavg":[0,0,0],"uptime":956332.8039271},"trace":[{"column":11,"file":"4690\\CS3660-students-v1\\node_modules\\express\\lib\\application.js","function":"EventEmitter.use (F:\\User\\OneDrive\\UVU\\Spring 2017\\CS","line":210,"method":"use (F:\\User\\OneDrive\\UVU\\Spring 2017\\CS","native":false},{"column":5,"file":"4690\\CS3660-students-v1\\students\\server\\server.js","function":"Object.<anonymous> (F:\\User\\OneDrive\\UVU\\Spring 2017\\CS","line":62,"method":"<anonymous> (F:\\User\\OneDrive\\UVU\\Spring 2017\\CS","native":false},{"column":32,"file":"module.js","function":"Module._compile","line":570,"method":"_compile","native":false},{"column":10,"file":"module.js","function":"Object.Module._extensions..js","line":579,"method":"Module._extensions..js","native":false},{"column":32,"file":"module.js","function":"Module.load","line":487,"method":"load","native":false},{"column":12,"file":"module.js","function":"tryModuleLoad","line":446,"method":null,"native":false},{"column":3,"file":"module.js","function":"Function.Module._load","line":438,"method":"Module._load","native":false},{"column":10,"file":"module.js","function":"Timeout.Module.runMain [as _onTimeout]","line":604,"method":"Module.runMain [as _onTimeout]","native":false},{"column":14,"file":"timers.js","function":"ontimeout","line":365,"method":null,"native":false},{"column":5,"file":"timers.js","function":"tryOnTimeout","line":237,"method":null,"native":false}],"stack":["TypeError: app.use() requires middleware functions","    at EventEmitter.use (F:\\User\\OneDrive\\UVU\\Spring 2017\\CS 4690\\CS3660-students-v1\\node_modules\\express\\lib\\application.js:210:11)","    at Object.<anonymous> (F:\\User\\OneDrive\\UVU\\Spring 2017\\CS 4690\\CS3660-students-v1\\students\\server\\server.js:62:5)","    at Module._compile (module.js:570:32)","    at Object.Module._extensions..js (module.js:579:10)","    at Module.load (module.js:487:32)","    at tryModuleLoad (module.js:446:12)","    at Function.Module._load (module.js:438:3)","    at Timeout.Module.runMain [as _onTimeout] (module.js:604:10)","    at ontimeout (timers.js:365:14)","    at tryOnTimeout (timers.js:237:5)"],"level":"error","message":"uncaughtException: app.use() requires middleware functions","timestamp":"2017-04-01T05:44:03.179Z"}
